<?xml version="1.0" encoding="UTF-8"?>
<testng-results total="1" passed="1" failed="0" skipped="0">
  <reporter-output>
  </reporter-output>
  <suite started-at="2022-01-07T06:53:18Z" name="Default suite" finished-at="2022-01-07T06:53:21Z" duration-ms="2492">
    <groups>
    </groups>
    <test started-at="2022-01-07T06:53:18Z" name="Default test" finished-at="2022-01-07T06:53:21Z" duration-ms="2492">
      <class name="domain.allDomain.MainClass">
        <test-method signature="callAllMethods()[pri:0, instance:domain.allDomain.MainClass@534a5a98]" started-at="2022-01-07T12:23:18Z" name="callAllMethods" finished-at="2022-01-07T12:23:21Z" duration-ms="2481" status="PASS">
          <reporter-output>
          </reporter-output>
        </test-method> <!-- callAllMethods -->
      </class> <!-- domain.allDomain.MainClass -->
    </test> <!-- Default test -->
  </suite> <!-- Default suite -->
</testng-results>
